Start time: 2022-10-18 07:00:01
i = 1 news_url: https://bbcworldnews.net/why-ai-shouldnt-be-making-life-and-death-decisions/
Current frequency_threshold: 6000
6000 ****************************************
['ting', 'chine', 'sidestep', 'messy']
转换完成,输出Why AI shouldn’t be making life-and-death decisions.pdf
开始发送啦
发送附件！
发送失败 791549989@qq.com 剩余尝试次数： 10
发送成功 791549989@qq.com
开始发送啦
发送附件！
发送成功 spaceskynet@outlook.com
开始发送啦
发送附件！
发送失败 silkroadvivit@outlook.com 剩余尝试次数： 10
发送成功 silkroadvivit@outlook.com
开始发送啦
发送附件！
发送成功 1961565727@qq.com
开始发送啦
发送附件！
发送成功 1678649617@qq.com
End time: 2022-10-18 07:00:33
****************************************
Start time: 2022-10-19 07:00:01
i = 1 news_url: https://bbcworldnews.net/the-dark-side-of-a-super-app-like-wechat/
Current frequency_threshold: 6000
6000 ****************************************
['sh', 'going', 'intuitive', 'comp']
转换完成,输出The dark side of a super app like WeChat.pdf
开始发送啦
发送附件！
发送成功 791549989@qq.com
开始发送啦
发送附件！
发送成功 spaceskynet@outlook.com
开始发送啦
发送附件！
发送成功 silkroadvivit@outlook.com
开始发送啦
发送附件！
发送失败 1961565727@qq.com 剩余尝试次数： 10
发送成功 1961565727@qq.com
开始发送啦
发送附件！
发送成功 1678649617@qq.com
End time: 2022-10-19 07:00:25
****************************************
Start time: 2022-10-20 07:00:02
i = 1 news_url: https://bbcworldnews.net/why-scientists-want-to-help-plants-capture-more-carbon-dioxide/
Current frequency_threshold: 6000
6000 ****************************************
['elective', 'pointed', 'turning', 'ye']
转换完成,输出Why scientists want to help plants capture more carbon dioxide.pdf
开始发送啦
发送附件！
发送成功 791549989@qq.com
开始发送啦
发送附件！
发送成功 spaceskynet@outlook.com
开始发送啦
发送附件！
发送成功 silkroadvivit@outlook.com
开始发送啦
发送附件！
发送成功 1961565727@qq.com
开始发送啦
发送附件！
发送成功 1678649617@qq.com
End time: 2022-10-20 07:00:23
****************************************
Start time: 2022-10-21 07:00:03
i = 1 news_url: https://bbcworldnews.net/billions-in-funding-could-kick-start-the-us-battery-materials-industry/
Current frequency_threshold: 6000
6000 ****************************************
['focused', 'tow', 'comp', 'electrode']
转换完成,输出Billions in funding could kick-start the US battery materials industry.pdf
开始发送啦
发送附件！
发送成功 791549989@qq.com
开始发送啦
发送附件！
发送成功 spaceskynet@outlook.com
开始发送啦
发送附件！
发送失败 silkroadvivit@outlook.com 剩余尝试次数： 10
发送成功 silkroadvivit@outlook.com
开始发送啦
发送附件！
发送成功 1961565727@qq.com
开始发送啦
发送附件！
发送成功 1678649617@qq.com
End time: 2022-10-21 07:00:27
****************************************
Start time: 2022-10-22 07:00:03
i = 1 news_url: https://bbcworldnews.net/starlinks-satellite-signals-and-joyless-tech/
Current frequency_threshold: 6000
6000 ****************************************
['controlled', 'urgently', 'unfounded', 'tot']
转换完成,输出Starlink’s satellite signals, and joyless tech.pdf
开始发送啦
发送附件！
发送成功 791549989@qq.com
开始发送啦
发送附件！
发送成功 spaceskynet@outlook.com
开始发送啦
发送附件！
发送成功 silkroadvivit@outlook.com
开始发送啦
发送附件！
发送成功 1961565727@qq.com
开始发送啦
发送附件！
发送成功 1678649617@qq.com
End time: 2022-10-22 07:00:24
****************************************
Start time: 2022-10-23 07:00:03
i = 1 news_url: https://bbcworldnews.net/starlink-signals-can-be-reverse-engineered-to-work-like-gps-whether-spacex-likes-it-or-not/
Current frequency_threshold: 6000
6000 ****************************************
['engineered', 'sought', 'encryption', 'sic']
转换完成,输出Starlink signals can be reverse-engineered to work like GPS—whether SpaceX likes it or not.pdf
开始发送啦
发送附件！
发送成功 791549989@qq.com
开始发送啦
发送附件！
发送成功 spaceskynet@outlook.com
开始发送啦
发送附件！
发送成功 silkroadvivit@outlook.com
开始发送啦
发送附件！
发送成功 1961565727@qq.com
开始发送啦
发送附件！
发送成功 1678649617@qq.com
End time: 2022-10-23 07:00:20
****************************************
Start time: 2022-10-24 07:00:02
i = 1 news_url: https://bbcworldnews.net/how-reproductive-technology-is-changing-what-it-means-to-be-a-parent/
Current frequency_threshold: 6000
6000 ****************************************
['ting', 'ye', 'fertilize', 'don']
转换完成,输出How reproductive technology is changing what it means to be a parent.pdf
开始发送啦
发送附件！
发送成功 791549989@qq.com
开始发送啦
发送附件！
发送成功 spaceskynet@outlook.com
开始发送啦
发送附件！
发送成功 silkroadvivit@outlook.com
开始发送啦
发送附件！
发送成功 1961565727@qq.com
开始发送啦
发送附件！
发送失败 1678649617@qq.com 剩余尝试次数： 10
发送成功 1678649617@qq.com
End time: 2022-10-24 07:00:28
****************************************
Start time: 2022-10-25 07:00:02
i = 1 news_url: https://bbcworldnews.net/do-ai-systems-need-to-come-with-safety-warnings/
Current frequency_threshold: 6000
6000 ****************************************
['oy', 'ex', 'showing', 'blossoming']
转换完成,输出Do AI systems need to come with safety warnings?.pdf
开始发送啦
发送附件！
发送成功 791549989@qq.com
开始发送啦
发送附件！
发送成功 spaceskynet@outlook.com
开始发送啦
发送附件！
发送成功 silkroadvivit@outlook.com
开始发送啦
发送附件！
发送成功 1961565727@qq.com
开始发送啦
发送附件！
发送成功 1678649617@qq.com
End time: 2022-10-25 07:00:22
****************************************
Start time: 2022-10-26 07:00:03
i = 1 news_url: https://bbcworldnews.net/the-bilingual-brain-mit-technology-review/
Current frequency_threshold: 6000
6000 ****************************************
['polyglot', 'cert', 'decided', 'felt']
转换完成,输出The bilingual brain | MIT Technology Review.pdf
开始发送啦
发送附件！
发送成功 791549989@qq.com
开始发送啦
发送附件！
发送成功 spaceskynet@outlook.com
开始发送啦
发送附件！
发送成功 silkroadvivit@outlook.com
开始发送啦
发送附件！
发送成功 1961565727@qq.com
开始发送啦
发送附件！
发送失败 1678649617@qq.com 剩余尝试次数： 10
发送成功 1678649617@qq.com
End time: 2022-10-26 07:00:27
****************************************
Start time: 2022-10-27 07:00:01
i = 1 news_url: https://bbcworldnews.net/the-download-the-mortality-issue-and-americas-new-favorite-shopping-app/
Current frequency_threshold: 6000
6000 ****************************************
['prescribing', 'coping', 'digging', 'spooky']
转换完成,输出The Download: the mortality issue, and America’s new favorite shopping app.pdf
开始发送啦
发送附件！
发送失败 791549989@qq.com 剩余尝试次数： 10
发送失败 791549989@qq.com 剩余尝试次数： 9
发送成功 791549989@qq.com
开始发送啦
发送附件！
发送成功 spaceskynet@outlook.com
开始发送啦
发送附件！
发送成功 silkroadvivit@outlook.com
开始发送啦
发送附件！
发送成功 1961565727@qq.com
开始发送啦
发送附件！
发送成功 1678649617@qq.com
End time: 2022-10-27 07:00:31
****************************************
Start time: 2022-10-28 07:00:02
i = 1 news_url: https://bbcworldnews.net/the-download-the-mortality-issue-and-americas-new-favorite-shopping-app/
Current frequency_threshold: 6000
6000 ****************************************
['ting', 'xylophone', 'pore', 'comb']
转换完成,输出The Download: the mortality issue, and America’s new favorite shopping app.pdf
开始发送啦
发送附件！
发送成功 791549989@qq.com
开始发送啦
发送附件！
发送成功 spaceskynet@outlook.com
开始发送啦
发送附件！
发送成功 silkroadvivit@outlook.com
开始发送啦
发送附件！
发送成功 1961565727@qq.com
开始发送啦
发送附件！
发送成功 1678649617@qq.com
End time: 2022-10-28 07:00:22
****************************************
Start time: 2022-10-29 07:00:03
i = 1 news_url: https://bbcworldnews.net/funding-us-batteries-and-elon-musks-twitter-deal-is-nearing-completion/
Current frequency_threshold: 6000
6000 ****************************************
['zine', 'sever', 'joining', 'losing']
转换完成,输出Funding US batteries, and Elon Musk’s Twitter deal is nearing completion.pdf
开始发送啦
发送附件！
发送成功 791549989@qq.com
开始发送啦
发送附件！
发送成功 spaceskynet@outlook.com
开始发送啦
发送附件！
发送成功 silkroadvivit@outlook.com
开始发送啦
发送附件！
发送成功 1961565727@qq.com
开始发送啦
发送附件！
发送成功 1678649617@qq.com
End time: 2022-10-29 07:00:19
****************************************
Start time: 2022-10-30 07:00:02
i = 1 news_url: https://bbcworldnews.net/i-made-it-big-on-twitter-now-i-dont-think-i-can-stay/
Current frequency_threshold: 6000
6000 ****************************************
['held', 'theoretic', 'moving', 'zombie']
转换完成,输出I made it big on Twitter. Now I don’t think I can stay..pdf
开始发送啦
发送附件！
发送成功 791549989@qq.com
开始发送啦
发送附件！
发送成功 spaceskynet@outlook.com
开始发送啦
发送附件！
发送成功 silkroadvivit@outlook.com
开始发送啦
发送附件！
发送成功 1961565727@qq.com
开始发送啦
发送附件！
发送成功 1678649617@qq.com
End time: 2022-10-30 07:00:21
****************************************
Start time: 2022-10-31 07:00:02
i = 1 news_url: https://bbcworldnews.net/elon-musk-doesnt-know-what-it-takes-to-make-a-digital-town-square/
Current frequency_threshold: 6000
6000 ****************************************
['buyout', 'included', 'inter', 'reported']
转换完成,输出Elon Musk doesn’t know what it takes to make a digital town square.pdf
开始发送啦
发送附件！
发送失败 791549989@qq.com 剩余尝试次数： 10
发送成功 791549989@qq.com
开始发送啦
发送附件！
发送成功 spaceskynet@outlook.com
开始发送啦
发送附件！
发送成功 silkroadvivit@outlook.com
开始发送啦
发送附件！
发送失败 1961565727@qq.com 剩余尝试次数： 10
发送失败 1961565727@qq.com 剩余尝试次数： 9
发送成功 1961565727@qq.com
开始发送啦
发送附件！
发送成功 1678649617@qq.com
End time: 2022-10-31 07:00:37
****************************************
Start time: 2022-11-01 07:00:02
i = 1 news_url: https://bbcworldnews.net/the-download-the-human-toll-of-ethical-ai-and-lab-grown-meat/
Current frequency_threshold: 6000
6000 ****************************************
['donut', 'slower', 'ret', 'sidestep']
转换完成,输出The Download: the human toll of ethical AI, and lab-grown meat.pdf
开始发送啦
发送附件！
发送失败 791549989@qq.com 剩余尝试次数： 10
发送成功 791549989@qq.com
开始发送啦
发送附件！
发送成功 spaceskynet@outlook.com
开始发送啦
发送附件！
发送成功 silkroadvivit@outlook.com
开始发送啦
发送附件！
发送成功 1961565727@qq.com
开始发送啦
发送附件！
发送失败 1678649617@qq.com 剩余尝试次数： 10
发送成功 1678649617@qq.com
End time: 2022-11-01 07:00:33
****************************************
Start time: 2022-11-02 07:00:02
i = 1 news_url: https://bbcworldnews.net/elon-musks-plans-to-revive-vine-face-a-problem-the-reason-it-closed-originally/
Current frequency_threshold: 6000
6000 ****************************************
['evolved', 'ting', 'comp', 'm']
转换完成,输出Elon Musk’s plans to revive Vine face a problem: the reason it closed originally.pdf
开始发送啦
发送附件！
发送成功 791549989@qq.com
开始发送啦
发送附件！
发送失败 spaceskynet@outlook.com 剩余尝试次数： 10
发送失败 spaceskynet@outlook.com 剩余尝试次数： 9
发送成功 spaceskynet@outlook.com
开始发送啦
发送附件！
发送成功 silkroadvivit@outlook.com
开始发送啦
发送附件！
发送成功 1961565727@qq.com
开始发送啦
发送附件！
发送成功 1678649617@qq.com
End time: 2022-11-02 07:00:30
****************************************
Start time: 2022-11-03 07:00:02
i = 1 news_url: https://bbcworldnews.net/this-scientist-is-trying-to-create-an-accessible-unhackable-voting-machine/
Current frequency_threshold: 6000
6000 ****************************************
['hen', 'blog', 'discrediting', 'offered']
转换完成,输出This scientist is trying to create an accessible, unhackable voting machine.pdf
开始发送啦
发送附件！
发送失败 791549989@qq.com 剩余尝试次数： 10
发送成功 791549989@qq.com
开始发送啦
发送附件！
发送成功 spaceskynet@outlook.com
开始发送啦
发送附件！
发送成功 silkroadvivit@outlook.com
开始发送啦
发送附件！
发送成功 1961565727@qq.com
开始发送啦
发送附件！
发送成功 1678649617@qq.com
End time: 2022-11-03 07:00:29
****************************************
Start time: 2022-11-04 07:00:02
i = 1 news_url: https://bbcworldnews.net/better-developer-platforms-are-the-key-to-better-digital-products/
Current frequency_threshold: 6000
6000 ****************************************
['preconceived', 'shipping', 'nuts', 'overlooked']
转换完成,输出Better developer platforms are the key to better digital products.pdf
开始发送啦
发送附件！
发送成功 791549989@qq.com
开始发送啦
发送附件！
发送失败 spaceskynet@outlook.com 剩余尝试次数： 10
发送成功 spaceskynet@outlook.com
开始发送啦
发送附件！
发送失败 silkroadvivit@outlook.com 剩余尝试次数： 10
发送成功 silkroadvivit@outlook.com
开始发送啦
发送附件！
发送成功 1961565727@qq.com
开始发送啦
发送附件！
发送成功 1678649617@qq.com
End time: 2022-11-04 07:00:35
****************************************
Start time: 2022-11-05 07:00:03
i = 1 news_url: https://bbcworldnews.net/twitter-may-have-lost-more-than-a-million-users-since-elon-musk-took-over/
Current frequency_threshold: 6000
6000 ****************************************
['further', 'uptick', 'ting', 'judged']
转换完成,输出Twitter may have lost more than a million users since Elon Musk took over.pdf
开始发送啦
发送附件！
发送成功 791549989@qq.com
开始发送啦
发送附件！
发送成功 spaceskynet@outlook.com
开始发送啦
发送附件！
发送失败 silkroadvivit@outlook.com 剩余尝试次数： 10
发送成功 silkroadvivit@outlook.com
开始发送啦
发送附件！
发送成功 1961565727@qq.com
开始发送啦
发送附件！
发送成功 1678649617@qq.com
End time: 2022-11-05 07:00:27
****************************************
Start time: 2022-11-06 07:00:02
i = 1 news_url: https://bbcworldnews.net/the-download-twitters-user-exodus-and-fixing-bridges/
Current frequency_threshold: 6000
6000 ****************************************
['confidently', 'questioning', 'biotech', 'ting']
转换完成,输出The Download: Twitter’s user exodus, and fixing bridges.pdf
开始发送啦
发送附件！
发送失败 791549989@qq.com 剩余尝试次数： 10
发送成功 791549989@qq.com
开始发送啦
发送附件！
发送成功 spaceskynet@outlook.com
开始发送啦
发送附件！
发送成功 silkroadvivit@outlook.com
开始发送啦
发送附件！
发送成功 1961565727@qq.com
开始发送啦
发送附件！
发送成功 1678649617@qq.com
End time: 2022-11-06 07:00:28
****************************************
Start time: 2022-11-07 07:00:02
i = 1 news_url: https://bbcworldnews.net/heres-how-personalized-brain-stimulation-could-treat-depression/
Current frequency_threshold: 6000
6000 ****************************************
['ere', 'decode', 'covered', 'ye']
转换完成,输出Here’s how personalized brain stimulation could treat depression.pdf
开始发送啦
发送附件！
发送失败 791549989@qq.com 剩余尝试次数： 10
发送成功 791549989@qq.com
开始发送啦
发送附件！
发送成功 spaceskynet@outlook.com
开始发送啦
发送附件！
发送成功 silkroadvivit@outlook.com
开始发送啦
发送附件！
发送成功 1961565727@qq.com
开始发送啦
发送附件！
发送成功 1678649617@qq.com
End time: 2022-11-07 07:00:25
****************************************
Start time: 2022-11-08 07:00:02
i = 1 news_url: https://bbcworldnews.net/emtech-2022-bridging-the-gap-between-humanity-and-the-machines/
Current frequency_threshold: 6000
6000 ****************************************
['technologic', 'diluted', 'digit', 'bridging']
转换完成,输出EmTech 2022: bridging the gap between humanity and the machines.pdf
开始发送啦
发送附件！
发送成功 791549989@qq.com
开始发送啦
发送附件！
发送成功 spaceskynet@outlook.com
开始发送啦
发送附件！
发送成功 silkroadvivit@outlook.com
开始发送啦
发送附件！
发送成功 1961565727@qq.com
开始发送啦
发送附件！
发送失败 1678649617@qq.com 剩余尝试次数： 10
发送成功 1678649617@qq.com
End time: 2022-11-08 07:00:31
****************************************
Start time: 2022-11-09 07:00:02
i = 1 news_url: https://bbcworldnews.net/youtube-is-launching-shorts-videos-for-your-tv/
Current frequency_threshold: 6000
6000 ****************************************
['m', 'showing', 'polling', 'cert']
转换完成,输出YouTube is launching Shorts videos for your TV.pdf
开始发送啦
发送附件！
发送成功 791549989@qq.com
开始发送啦
发送附件！
发送成功 spaceskynet@outlook.com
开始发送啦
发送附件！
发送成功 silkroadvivit@outlook.com
开始发送啦
发送附件！
发送成功 1961565727@qq.com
开始发送啦
发送附件！
发送成功 1678649617@qq.com
End time: 2022-11-09 07:00:18
****************************************
